<?xml version="1.0" encoding="UTF-8"?>
<!-- Generated by org.testng.reporters.JUnitReportReporter -->
<testsuite hostname="DESKTOP-JDEDAH8" failures="0" tests="1" name="maventutorial.AppiumFramework.ApiDemoTest" time="103.907" errors="0" timestamp="2021-01-03T13:35:13 GMT-03:00" skipped="0">
  <testcase classname="maventutorial.AppiumFramework.ApiDemoTest" name="apiDemo" time="103.907"/>
  <system-out/>
</testsuite> <!-- maventutorial.AppiumFramework.ApiDemoTest -->
