<?xml version="1.0" encoding="UTF-8"?>
<!-- Generated by org.testng.reporters.JUnitReportReporter -->
<testsuite skipped="0" hostname="DESKTOP-JDEDAH8" name="maventutorial.AppiumFramework.ApiDemoTest" tests="1" failures="0" timestamp="03 jan 2021 16:37:09 GMT" time="44.864" errors="0">
  <testcase name="apiDemo" time="44.864" classname="maventutorial.AppiumFramework.ApiDemoTest"/>
</testsuite> <!-- maventutorial.AppiumFramework.ApiDemoTest -->
